# JRE version: Java(TM) SE Runtime Environment (8.0_161-b12) (build 1.8.0_161-b12)
# Java VM: Java HotSpot(TM) 64-Bit Server VM (25.161-b12 mixed mode windows-amd64 compressed oops)
Heap:
 PSYoungGen      total 18944K, used 1681K [0x00000000eb200000, 0x00000000ec700000, 0x0000000100000000)
  eden space 16384K, 10% used [0x00000000eb200000,0x00000000eb3a45b0,0x00000000ec200000)
  from space 2560K, 0% used [0x00000000ec200000,0x00000000ec200000,0x00000000ec480000)
  to   space 2560K, 0% used [0x00000000ec480000,0x00000000ec480000,0x00000000ec700000)
 ParOldGen       total 33280K, used 1664K [0x00000000c1600000, 0x00000000c3680000, 0x00000000eb200000)
  object space 33280K, 5% used [0x00000000c1600000,0x00000000c17a03e0,0x00000000c3680000)
 Metaspace       used 8476K, capacity 8686K, committed 8704K, reserved 1060864K
  class space    used 940K, capacity 1019K, committed 1024K, reserved 1048576K
GC Heap History (10 events):
Event: 2.211 GC heap before
{Heap before GC invocations=2 (full 1):
 PSYoungGen      total 18944K, used 1640K [0x00000000eb200000, 0x00000000ec700000, 0x0000000100000000)
  eden space 16384K, 0% used [0x00000000eb200000,0x00000000eb200000,0x00000000ec200000)
  from space 2560K, 64% used [0x00000000ec200000,0x00000000ec39a160,0x00000000ec480000)
  to   space 2560K, 0% used [0x00000000ec480000,0x00000000ec480000,0x00000000ec700000)
 ParOldGen       total 44032K, used 0K [0x00000000c1600000, 0x00000000c4100000, 0x00000000eb200000)
  object space 44032K, 0% used [0x00000000c1600000,0x00000000c1600000,0x00000000c4100000)
 Metaspace       used 6963K, capacity 7080K, committed 7296K, reserved 1056768K
  class space    used 780K, capacity 826K, committed 896K, reserved 1048576K
Event: 2.270 GC heap after
Heap after GC invocations=2 (full 1):
 PSYoungGen      total 18944K, used 0K [0x00000000eb200000, 0x00000000ec700000, 0x0000000100000000)
  eden space 16384K, 0% used [0x00000000eb200000,0x00000000eb200000,0x00000000ec200000)
  from space 2560K, 0% used [0x00000000ec200000,0x00000000ec200000,0x00000000ec480000)
  to   space 2560K, 0% used [0x00000000ec480000,0x00000000ec480000,0x00000000ec700000)
 ParOldGen       total 44032K, used 1567K [0x00000000c1600000, 0x00000000c4100000, 0x00000000eb200000)
  object space 44032K, 3% used [0x00000000c1600000,0x00000000c1787de0,0x00000000c4100000)
 Metaspace       used 6963K, capacity 7080K, committed 7296K, reserved 1056768K
  class space    used 780K, capacity 826K, committed 896K, reserved 1048576K
}
Event: 2.682 GC heap before
{Heap before GC invocations=3 (full 1):
 PSYoungGen      total 18944K, used 1638K [0x00000000eb200000, 0x00000000ec700000, 0x0000000100000000)
  eden space 16384K, 10% used [0x00000000eb200000,0x00000000eb399ad8,0x00000000ec200000)
  from space 2560K, 0% used [0x00000000ec200000,0x00000000ec200000,0x00000000ec480000)
  to   space 2560K, 0% used [0x00000000ec480000,0x00000000ec480000,0x00000000ec700000)
 ParOldGen       total 44032K, used 1567K [0x00000000c1600000, 0x00000000c4100000, 0x00000000eb200000)
  object space 44032K, 3% used [0x00000000c1600000,0x00000000c1787de0,0x00000000c4100000)
 Metaspace       used 7846K, capacity 8040K, committed 8192K, reserved 1058816K
  class space    used 877K, capacity 954K, committed 1024K, reserved 1048576K
Event: 2.683 GC heap after
Heap after GC invocations=3 (full 1):
 PSYoungGen      total 18944K, used 368K [0x00000000eb200000, 0x00000000ec700000, 0x0000000100000000)
  eden space 16384K, 0% used [0x00000000eb200000,0x00000000eb200000,0x00000000ec200000)
  from space 2560K, 14% used [0x00000000ec480000,0x00000000ec4dc010,0x00000000ec700000)
  to   space 2560K, 0% used [0x00000000ec200000,0x00000000ec200000,0x00000000ec480000)
 ParOldGen       total 44032K, used 1575K [0x00000000c1600000, 0x00000000c4100000, 0x00000000eb200000)
  object space 44032K, 3% used [0x00000000c1600000,0x00000000c1789de0,0x00000000c4100000)
 Metaspace       used 7846K, capacity 8040K, committed 8192K, reserved 1058816K
  class space    used 877K, capacity 954K, committed 1024K, reserved 1048576K
}
Event: 2.683 GC heap before
{Heap before GC invocations=4 (full 2):
 PSYoungGen      total 18944K, used 368K [0x00000000eb200000, 0x00000000ec700000, 0x0000000100000000)
  eden space 16384K, 0% used [0x00000000eb200000,0x00000000eb200000,0x00000000ec200000)
  from space 2560K, 14% used [0x00000000ec480000,0x00000000ec4dc010,0x00000000ec700000)
  to   space 2560K, 0% used [0x00000000ec200000,0x00000000ec200000,0x00000000ec480000)
 ParOldGen       total 44032K, used 1575K [0x00000000c1600000, 0x00000000c4100000, 0x00000000eb200000)
  object space 44032K, 3% used [0x00000000c1600000,0x00000000c1789de0,0x00000000c4100000)
 Metaspace       used 7846K, capacity 8040K, committed 8192K, reserved 1058816K
  class space    used 877K, capacity 954K, committed 1024K, reserved 1048576K
Event: 2.712 GC heap after
Heap after GC invocations=4 (full 2):
 PSYoungGen      total 18944K, used 0K [0x00000000eb200000, 0x00000000ec700000, 0x0000000100000000)
  eden space 16384K, 0% used [0x00000000eb200000,0x00000000eb200000,0x00000000ec200000)
  from space 2560K, 0% used [0x00000000ec480000,0x00000000ec480000,0x00000000ec700000)
  to   space 2560K, 0% used [0x00000000ec200000,0x00000000ec200000,0x00000000ec480000)
 ParOldGen       total 44032K, used 1600K [0x00000000c1600000, 0x00000000c4100000, 0x00000000eb200000)
  object space 44032K, 3% used [0x00000000c1600000,0x00000000c17903c8,0x00000000c4100000)
 Metaspace       used 7846K, capacity 8040K, committed 8192K, reserved 1058816K
  class space    used 877K, capacity 954K, committed 1024K, reserved 1048576K
}
Event: 3.226 GC heap before
{Heap before GC invocations=5 (full 2):
 PSYoungGen      total 18944K, used 1311K [0x00000000eb200000, 0x00000000ec700000, 0x0000000100000000)
  eden space 16384K, 8% used [0x00000000eb200000,0x00000000eb347d68,0x00000000ec200000)
  from space 2560K, 0% used [0x00000000ec480000,0x00000000ec480000,0x00000000ec700000)
  to   space 2560K, 0% used [0x00000000ec200000,0x00000000ec200000,0x00000000ec480000)
 ParOldGen       total 44032K, used 1600K [0x00000000c1600000, 0x00000000c4100000, 0x00000000eb200000)
  object space 44032K, 3% used [0x00000000c1600000,0x00000000c17903c8,0x00000000c4100000)
 Metaspace       used 8001K, capacity 8104K, committed 8192K, reserved 1062912K
  class space    used 896K, capacity 954K, committed 1024K, reserved 1048576K
Event: 3.230 GC heap after
Heap after GC invocations=5 (full 2):
 PSYoungGen      total 18944K, used 224K [0x00000000eb200000, 0x00000000ec700000, 0x0000000100000000)
  eden space 16384K, 0% used [0x00000000eb200000,0x00000000eb200000,0x00000000ec200000)
  from space 2560K, 8% used [0x00000000ec200000,0x00000000ec238000,0x00000000ec480000)
  to   space 2560K, 0% used [0x00000000ec480000,0x00000000ec480000,0x00000000ec700000)
 ParOldGen       total 44032K, used 1608K [0x00000000c1600000, 0x00000000c4100000, 0x00000000eb200000)
  object space 44032K, 3% used [0x00000000c1600000,0x00000000c17923c8,0x00000000c4100000)
 Metaspace       used 8001K, capacity 8104K, committed 8192K, reserved 1062912K
  class space    used 896K, capacity 954K, committed 1024K, reserved 1048576K
}
Event: 3.230 GC heap before
{Heap before GC invocations=6 (full 3):
 PSYoungGen      total 18944K, used 224K [0x00000000eb200000, 0x00000000ec700000, 0x0000000100000000)
  eden space 16384K, 0% used [0x00000000eb200000,0x00000000eb200000,0x00000000ec200000)
  from space 2560K, 8% used [0x00000000ec200000,0x00000000ec238000,0x00000000ec480000)
  to   space 2560K, 0% used [0x00000000ec480000,0x00000000ec480000,0x00000000ec700000)
 ParOldGen       total 44032K, used 1608K [0x00000000c1600000, 0x00000000c4100000, 0x00000000eb200000)
  object space 44032K, 3% used [0x00000000c1600000,0x00000000c17923c8,0x00000000c4100000)
 Metaspace       used 8001K, capacity 8104K, committed 8192K, reserved 1062912K
  class space    used 896K, capacity 954K, committed 1024K, reserved 1048576K
Event: 3.263 GC heap after
Heap after GC invocations=6 (full 3):
 PSYoungGen      total 18944K, used 0K [0x00000000eb200000, 0x00000000ec700000, 0x0000000100000000)
  eden space 16384K, 0% used [0x00000000eb200000,0x00000000eb200000,0x00000000ec200000)
  from space 2560K, 0% used [0x00000000ec200000,0x00000000ec200000,0x00000000ec480000)
  to   space 2560K, 0% used [0x00000000ec480000,0x00000000ec480000,0x00000000ec700000)
 ParOldGen       total 33280K, used 1664K [0x00000000c1600000, 0x00000000c3680000, 0x00000000eb200000)
  object space 33280K, 5% used [0x00000000c1600000,0x00000000c17a03e0,0x00000000c3680000)
 Metaspace       used 8001K, capacity 8104K, committed 8192K, reserved 1060864K
  class space    used 896K, capacity 954K, committed 1024K, reserved 1048576K
}

